<?xml version="1.0" encoding="UTF-8"?>
<testng-results ignored="0" total="2" passed="1" failed="1" skipped="0">
  <reporter-output>
  </reporter-output>
  <suite started-at="2024-01-22T20:45:56 IST" name="Default suite" finished-at="2024-01-22T20:46:40 IST" duration-ms="44476">
    <groups>
      <group name="SmokeSuite">
        <method signature="CreateNewContactTest.createContactWithMandatoryFeilds()[pri:0, instance:contactsTests.CreateNewContactTest@4c12331b]" name="createContactWithMandatoryFeilds" class="contactsTests.CreateNewContactTest"/>
      </group> <!-- SmokeSuite -->
    </groups>
    <test started-at="2024-01-22T20:45:56 IST" name="Default test" finished-at="2024-01-22T20:46:40 IST" duration-ms="44476">
      <class name="contactsTests.CreateNewContactTest">
        <test-method is-config="true" signature="bsConfig()[pri:0, instance:contactsTests.CreateNewContactTest@4c12331b]" started-at="2024-01-22T20:45:56 IST" name="bsConfig" finished-at="2024-01-22T20:45:56 IST" duration-ms="11" status="PASS">
          <reporter-output>
          </reporter-output>
        </test-method> <!-- bsConfig -->
        <test-method is-config="true" signature="bcConfig()[pri:0, instance:contactsTests.CreateNewContactTest@4c12331b]" started-at="2024-01-22T20:45:56 IST" name="bcConfig" finished-at="2024-01-22T20:46:06 IST" duration-ms="9468" status="PASS">
          <reporter-output>
          </reporter-output>
        </test-method> <!-- bcConfig -->
        <test-method is-config="true" signature="bmConfig()[pri:0, instance:contactsTests.CreateNewContactTest@4c12331b]" started-at="2024-01-22T20:46:06 IST" name="bmConfig" finished-at="2024-01-22T20:46:14 IST" duration-ms="8026" status="PASS">
          <reporter-output>
          </reporter-output>
        </test-method> <!-- bmConfig -->
        <test-method signature="createContactWithMandatoryFeilds()[pri:0, instance:contactsTests.CreateNewContactTest@4c12331b]" started-at="2024-01-22T20:46:14 IST" name="createContactWithMandatoryFeilds" finished-at="2024-01-22T20:46:34 IST" duration-ms="20158" status="PASS">
          <reporter-output>
          </reporter-output>
        </test-method> <!-- createContactWithMandatoryFeilds -->
        <test-method is-config="true" signature="amConfig()[pri:0, instance:contactsTests.CreateNewContactTest@4c12331b]" started-at="2024-01-22T20:46:34 IST" name="amConfig" finished-at="2024-01-22T20:46:36 IST" duration-ms="2452" status="PASS">
          <reporter-output>
          </reporter-output>
        </test-method> <!-- amConfig -->
        <test-method is-config="true" signature="bmConfig()[pri:0, instance:contactsTests.CreateNewContactTest@4c12331b]" started-at="2024-01-22T20:46:36 IST" name="bmConfig" finished-at="2024-01-22T20:46:38 IST" duration-ms="1528" status="PASS">
          <reporter-output>
          </reporter-output>
        </test-method> <!-- bmConfig -->
        <test-method signature="sample()[pri:0, instance:contactsTests.CreateNewContactTest@4c12331b]" started-at="2024-01-22T20:46:38 IST" name="sample" finished-at="2024-01-22T20:46:38 IST" duration-ms="11" status="FAIL">
          <exception class="java.lang.AssertionError">
            <message>
              <![CDATA[null]]>
            </message>
            <full-stacktrace>
              <![CDATA[java.lang.AssertionError: null
at org.testng.Assert.fail(Assert.java:111)
at org.testng.Assert.fail(Assert.java:116)
at contactsTests.CreateNewContactTest.sample(CreateNewContactTest.java:58)
at java.base/jdk.internal.reflect.DirectMethodHandleAccessor.invoke(DirectMethodHandleAccessor.java:104)
at java.base/java.lang.reflect.Method.invoke(Method.java:578)
at org.testng.internal.invokers.MethodInvocationHelper.invokeMethod(MethodInvocationHelper.java:139)
at org.testng.internal.invokers.TestInvoker.invokeMethod(TestInvoker.java:664)
at org.testng.internal.invokers.TestInvoker.invokeTestMethod(TestInvoker.java:227)
at org.testng.internal.invokers.MethodRunner.runInSequence(MethodRunner.java:50)
at org.testng.internal.invokers.TestInvoker$MethodInvocationAgent.invoke(TestInvoker.java:957)
at org.testng.internal.invokers.TestInvoker.invokeTestMethods(TestInvoker.java:200)
at org.testng.internal.invokers.TestMethodWorker.invokeTestMethods(TestMethodWorker.java:148)
at org.testng.internal.invokers.TestMethodWorker.run(TestMethodWorker.java:128)
at java.base/java.util.ArrayList.forEach(ArrayList.java:1511)
at org.testng.TestRunner.privateRun(TestRunner.java:848)
at org.testng.TestRunner.run(TestRunner.java:621)
at org.testng.SuiteRunner.runTest(SuiteRunner.java:443)
at org.testng.SuiteRunner.runSequentially(SuiteRunner.java:437)
at org.testng.SuiteRunner.privateRun(SuiteRunner.java:397)
at org.testng.SuiteRunner.run(SuiteRunner.java:336)
at org.testng.SuiteRunnerWorker.runSuite(SuiteRunnerWorker.java:52)
at org.testng.SuiteRunnerWorker.run(SuiteRunnerWorker.java:95)
at org.testng.TestNG.runSuitesSequentially(TestNG.java:1280)
at org.testng.TestNG.runSuitesLocally(TestNG.java:1200)
at org.testng.TestNG.runSuites(TestNG.java:1114)
at org.testng.TestNG.run(TestNG.java:1082)
at org.testng.remote.AbstractRemoteTestNG.run(AbstractRemoteTestNG.java:115)
at org.testng.remote.RemoteTestNG.initAndRun(RemoteTestNG.java:251)
at org.testng.remote.RemoteTestNG.main(RemoteTestNG.java:77)
]]>
            </full-stacktrace>
          </exception> <!-- java.lang.AssertionError -->
          <reporter-output>
          </reporter-output>
        </test-method> <!-- sample -->
        <test-method is-config="true" signature="amConfig()[pri:0, instance:contactsTests.CreateNewContactTest@4c12331b]" started-at="2024-01-22T20:46:38 IST" name="amConfig" finished-at="2024-01-22T20:46:40 IST" duration-ms="1952" status="PASS">
          <reporter-output>
          </reporter-output>
        </test-method> <!-- amConfig -->
        <test-method is-config="true" signature="acConfig()[pri:0, instance:contactsTests.CreateNewContactTest@4c12331b]" started-at="2024-01-22T20:46:40 IST" name="acConfig" finished-at="2024-01-22T20:46:40 IST" duration-ms="238" status="PASS">
          <reporter-output>
          </reporter-output>
        </test-method> <!-- acConfig -->
        <test-method is-config="true" signature="asConfig()[pri:0, instance:contactsTests.CreateNewContactTest@4c12331b]" started-at="2024-01-22T20:46:40 IST" name="asConfig" finished-at="2024-01-22T20:46:40 IST" duration-ms="0" status="PASS">
          <reporter-output>
          </reporter-output>
        </test-method> <!-- asConfig -->
      </class> <!-- contactsTests.CreateNewContactTest -->
    </test> <!-- Default test -->
  </suite> <!-- Default suite -->
</testng-results>
